<?xml version="1.0" encoding="UTF-8"?>
<testng-results skipped="0" failed="0" ignored="0" total="1" passed="1">
  <reporter-output>
  </reporter-output>
  <suite name="Default suite" duration-ms="28026" started-at="2018-08-15T17:24:01Z" finished-at="2018-08-15T17:24:29Z">
    <groups>
    </groups>
    <test name="Default test" duration-ms="28026" started-at="2018-08-15T17:24:01Z" finished-at="2018-08-15T17:24:29Z">
      <class name="com.testngtests.CalendarTest">
        <test-method status="PASS" signature="setup()[pri:0, instance:com.testngtests.CalendarTest@3e57cd70]" name="setup" is-config="true" duration-ms="27711" started-at="2018-08-15T17:24:01Z" finished-at="2018-08-15T17:24:28Z">
          <reporter-output>
          </reporter-output>
        </test-method> <!-- setup -->
        <test-method status="PASS" signature="calendarTest()[pri:0, instance:com.testngtests.CalendarTest@3e57cd70]" name="calendarTest" duration-ms="259" started-at="2018-08-15T17:24:28Z" finished-at="2018-08-15T17:24:29Z">
          <reporter-output>
          </reporter-output>
        </test-method> <!-- calendarTest -->
        <test-method status="PASS" signature="teardown()[pri:0, instance:com.testngtests.CalendarTest@3e57cd70]" name="teardown" is-config="true" duration-ms="0" started-at="2018-08-15T17:24:29Z" finished-at="2018-08-15T17:24:29Z">
          <reporter-output>
          </reporter-output>
        </test-method> <!-- teardown -->
      </class> <!-- com.testngtests.CalendarTest -->
    </test> <!-- Default test -->
  </suite> <!-- Default suite -->
</testng-results>
