<?xml version="1.0" encoding="UTF-8"?>
<!-- Generated by org.testng.reporters.JUnitXMLReporter -->
<testsuite hostname="mypc" ignored="0" name="Default test" tests="3" failures="0" timestamp="15 Sep 2018 22:00:22 GMT" time="0.105" errors="0">
  <testcase name="firstTest" time="0.011" classname="testng2.Test_BeforeTestAndBeforeMethod"/>
  <testcase name="secondTest" time="0.002" classname="testng2.Test_BeforeTestAndBeforeMethod"/>
  <testcase name="thirdTest" time="0.003" classname="testng2.Test_BeforeTestAndBeforeMethod"/>
</testsuite> <!-- Default test -->
