<?xml version="1.0" encoding="UTF-8"?>
<testng-results skipped="0" failed="0" ignored="0" total="1" passed="1">
  <reporter-output>
  </reporter-output>
  <suite name="Default suite" duration-ms="4281" started-at="2018-08-05T22:29:18Z" finished-at="2018-08-05T22:29:22Z">
    <groups>
    </groups>
    <test name="Default test" duration-ms="4281" started-at="2018-08-05T22:29:18Z" finished-at="2018-08-05T22:29:22Z">
      <class name="myTests.GetCallBDD">
        <test-method status="PASS" signature="test_noOfCircuitsFor2017()[pri:0, instance:myTests.GetCallBDD@675d3402]" name="test_noOfCircuitsFor2017" duration-ms="4250" started-at="2018-08-05T22:29:18Z" finished-at="2018-08-05T22:29:22Z">
          <reporter-output>
          </reporter-output>
        </test-method> <!-- test_noOfCircuitsFor2017 -->
      </class> <!-- myTests.GetCallBDD -->
    </test> <!-- Default test -->
  </suite> <!-- Default suite -->
</testng-results>
