<?xml version="1.0" encoding="UTF-8"?>
<testng-results skipped="0" failed="0" ignored="0" total="3" passed="3">
  <reporter-output>
  </reporter-output>
  <suite name="Default suite" duration-ms="105" started-at="2018-09-15T22:00:21Z" finished-at="2018-09-15T22:00:21Z">
    <groups>
    </groups>
    <test name="Default test" duration-ms="105" started-at="2018-09-15T22:00:21Z" finished-at="2018-09-15T22:00:21Z">
      <class name="testng2.Test_BeforeTestAndBeforeMethod">
        <test-method status="PASS" signature="beforeTest()[pri:0, instance:testng2.Test_BeforeTestAndBeforeMethod@4520ebad]" name="beforeTest" is-config="true" duration-ms="29" started-at="2018-09-15T22:00:21Z" finished-at="2018-09-15T22:00:21Z">
          <reporter-output>
          </reporter-output>
        </test-method> <!-- beforeTest -->
        <test-method status="PASS" signature="beforeMethod()[pri:0, instance:testng2.Test_BeforeTestAndBeforeMethod@4520ebad]" name="beforeMethod" is-config="true" duration-ms="1" started-at="2018-09-15T22:00:21Z" finished-at="2018-09-15T22:00:21Z">
          <reporter-output>
          </reporter-output>
        </test-method> <!-- beforeMethod -->
        <test-method status="PASS" signature="firstTest()[pri:0, instance:testng2.Test_BeforeTestAndBeforeMethod@4520ebad]" name="firstTest" duration-ms="11" started-at="2018-09-15T22:00:21Z" finished-at="2018-09-15T22:00:21Z">
          <reporter-output>
          </reporter-output>
        </test-method> <!-- firstTest -->
        <test-method status="PASS" signature="beforeMethod()[pri:0, instance:testng2.Test_BeforeTestAndBeforeMethod@4520ebad]" name="beforeMethod" is-config="true" duration-ms="0" started-at="2018-09-15T22:00:21Z" finished-at="2018-09-15T22:00:21Z">
          <reporter-output>
          </reporter-output>
        </test-method> <!-- beforeMethod -->
        <test-method status="PASS" signature="secondTest()[pri:0, instance:testng2.Test_BeforeTestAndBeforeMethod@4520ebad]" name="secondTest" duration-ms="2" started-at="2018-09-15T22:00:21Z" finished-at="2018-09-15T22:00:21Z">
          <reporter-output>
          </reporter-output>
        </test-method> <!-- secondTest -->
        <test-method status="PASS" signature="beforeMethod()[pri:0, instance:testng2.Test_BeforeTestAndBeforeMethod@4520ebad]" name="beforeMethod" is-config="true" duration-ms="0" started-at="2018-09-15T22:00:21Z" finished-at="2018-09-15T22:00:21Z">
          <reporter-output>
          </reporter-output>
        </test-method> <!-- beforeMethod -->
        <test-method status="PASS" signature="thirdTest()[pri:0, instance:testng2.Test_BeforeTestAndBeforeMethod@4520ebad]" name="thirdTest" duration-ms="3" started-at="2018-09-15T22:00:21Z" finished-at="2018-09-15T22:00:21Z">
          <reporter-output>
          </reporter-output>
        </test-method> <!-- thirdTest -->
      </class> <!-- testng2.Test_BeforeTestAndBeforeMethod -->
    </test> <!-- Default test -->
  </suite> <!-- Default suite -->
</testng-results>
