<?xml version="1.0" encoding="UTF-8"?>
<!-- Generated by org.testng.reporters.JUnitXMLReporter -->
<testsuite hostname="mypc" ignored="5" name="Tests" tests="3" failures="0" timestamp="15 Sep 2018 21:26:49 GMT" time="0.128" errors="0">
  <testcase name="test11" time="0.03" classname="testng2.TestcClass1"/>
  <testcase name="test12" time="0.004" classname="testng2.TestcClass1"/>
  <testcase name="test22" time="0.004" classname="testng2.TestcClass2"/>
  <testcase name="test13" time="0.0" classname="testng2.TestcClass1">
    <ignored/>
  </testcase> <!-- test13 -->
  <testcase name="test23" time="0.0" classname="testng2.TestcClass2">
    <ignored/>
  </testcase> <!-- test23 -->
  <testcase name="test14" time="0.0" classname="testng2.TestcClass1">
    <ignored/>
  </testcase> <!-- test14 -->
  <testcase name="test21" time="0.0" classname="testng2.TestcClass2">
    <ignored/>
  </testcase> <!-- test21 -->
  <testcase name="test24" time="0.0" classname="testng2.TestcClass2">
    <ignored/>
  </testcase> <!-- test24 -->
</testsuite> <!-- Tests -->
